<?xml version="1.0" encoding="UTF-8"?>
<!-- Generated by org.testng.reporters.JUnitReportReporter -->
<testsuite skipped="0" hostname="ADAN-E7470" name="testcases.PlaceOrderTest" tests="1" failures="0" timestamp="29 Dec 2018 01:40:36 GMT" time="34.661" errors="0">
  <testcase name="placeOrderByCOD" time="34.661" classname="testcases.PlaceOrderTest"/>
</testsuite> <!-- testcases.PlaceOrderTest -->
